<?xml version="1.0" encoding="UTF-8"?>
<!-- Generated by org.testng.reporters.JUnitReportReporter -->
<testsuite skipped="0" hostname="Allianz-3079" name="features.TestRunner" tests="1" failures="0" timestamp="2020-12-19T23:18:37 IST" time="2.992" errors="0">
  <testcase name="runScenario" time="2.992" classname="features.TestRunner"/>
  <system-out/>
</testsuite> <!-- features.TestRunner -->
