<?xml version="1.0" encoding="UTF-8"?>
<!-- Generated by org.testng.reporters.JUnitReportReporter -->
<testsuite skipped="0" hostname="Allianz-3079" name="runner.TestRunner" tests="11" failures="0" timestamp="2020-12-21T00:02:18 IST" time="28.123" errors="0">
  <testcase name="runScenario" time="1.609" classname="runner.TestRunner"/>
  <system-out>
>>URL is set to: https://api.ratesapi.io/api/2018-01-31?symbols=USD,GBP >>GET call submitted to: https://api.ratesapi.io/api/2018-01-31?symbols=USD,GBP >>Response status code is: 200 >>Base exchange currency is: EUR >>[Expected exchange rate date: 2018-01-31 | Actual exchange rate date: 2018-01-31] >>Response: {"base":"EUR","rates":{"USD":1.2457,"GBP":0.8791},"date":"2018-01-31"} >>[Expected exchange currency: [USD, GBP] | Actual exchange currency: [GBP, USD]]  </system-out>
  <testcase name="runScenario" time="7.388" classname="runner.TestRunner"/>
  <system-out>
>>URL is set to: https://api.ratesapi.io/api/2020-12-26 >>GET call submitted to: https://api.ratesapi.io/api/2020-12-26 >>Response status code is: 200 >>Base exchange currency is: EUR >>[Latest exchange rate date: 2020-12-18 | Exchange rate date for future dates: 2020-12-18  </system-out>
  <testcase name="runScenario" time="3.277" classname="runner.TestRunner"/>
  <system-out>
>>URL is set to: https://api.ratesapi.io/api/latest?base=INR >>GET call submitted to: https://api.ratesapi.io/api/latest?base=INR >>Response status code is: 200 >>Base exchange currency is: INR >>Response: {"base":"INR","rates":{"GBP":0.0100788974,"HKD":0.1054617886,"IDR":192.3898931389,"ILS":0.0440272091,"DKK":0.0825515718,"INR":1.0,"CHF":0.0120343553,"MXN":0.2699601629,"CZK":0.2900562602,"SGD":0.0180676232,"THB":0.4056504322,"HRK":0.0835891119,"EUR":0.0110966854,"MYR":0.0549641022,"NOK":0.1166960729,"CNY":0.088935495,"BGN":0.0217028973,"PHP":0.6539276718,"PLN":0.0496898476,"ZAR":0.1982966588,"CAD":0.0173529967,"ISK":1.7355215997,"BRL":0.0695407082,"RON":0.054027542,"NZD":0.0190874086,"TRY":0.1042955269,"JPY":1.4058390759,"RUB":1.0009487666,"KRW":14.9466804266,"USD":0.0136034267,"AUD":0.0178734312,"HUF":3.9641798995,"SEK":0.1124460424},"date":"2020-12-18"}  </system-out>
  <testcase name="runScenario" time="5.428" classname="runner.TestRunner"/>
  <system-out>
>>URL is set to: https://api.ratesapi.io/api/2010-01-15 >>GET call submitted to: https://api.ratesapi.io/api/2010-01-15 >>Response status code is: 200 >>Base exchange currency is: EUR >>[Expected exchange rate date: 2010-01-15 | Actual exchange rate date: 2010-01-15]  </system-out>
  <testcase name="runScenario" time="1.066" classname="runner.TestRunner"/>
  <system-out>
>>URL is set to: https://api.ratesapi.io/api/2019-07-15?base=PLN&symbols=GBP >>GET call submitted to: https://api.ratesapi.io/api/2019-07-15?base=PLN&symbols=GBP >>Response status code is: 200 >>Base exchange currency is: PLN >>[Expected exchange rate date: 2019-07-15 | Actual exchange rate date: 2019-07-15] >>Response: {"base":"PLN","rates":{"GBP":0.2108605884},"date":"2019-07-15"} >>[Expected exchange currency: [GBP] | Actual exchange currency: [GBP]]  </system-out>
  <testcase name="runScenario" time="0.781" classname="runner.TestRunner"/>
  <system-out>
>>URL is set to: https://api.ratesapi.io/api/latest?symbols=INR,AUD,GBP >>GET call submitted to: https://api.ratesapi.io/api/latest?symbols=INR,AUD,GBP >>Response status code is: 200 >>Base exchange currency is: EUR >>Response: {"base":"EUR","rates":{"GBP":0.90828,"INR":90.117,"AUD":1.6107},"date":"2020-12-18"} >>[Expected exchange currency: [INR, AUD, GBP] | Actual exchange currency: [AUD, GBP, INR]]  </system-out>
  <testcase name="runScenario" time="0.592" classname="runner.TestRunner"/>
  <system-out>
>>URL is set to: https://api.ratesapi.io/api/latest >>GET call submitted to: https://api.ratesapi.io/api/latest >>Response status code is: 200 >>Base exchange currency is: EUR >>Response: {"base":"EUR","rates":{"GBP":0.90828,"HKD":9.5039,"IDR":17337.6,"ILS":3.9676,"DKK":7.4393,"INR":90.117,"CHF":1.0845,"MXN":24.328,"CZK":26.139,"SGD":1.6282,"THB":36.556,"HRK":7.5328,"MYR":4.9532,"NOK":10.5163,"CNY":8.0146,"BGN":1.9558,"PHP":58.93,"SEK":10.1333,"PLN":4.4779,"ZAR":17.8699,"CAD":1.5638,"ISK":156.4,"BRL":6.2668,"RON":4.8688,"NZD":1.7201,"TRY":9.3988,"JPY":126.69,"RUB":90.2025,"KRW":1346.95,"USD":1.2259,"HUF":357.24,"AUD":1.6107},"date":"2020-12-18"}  </system-out>
  <testcase name="runScenario" time="2.696" classname="runner.TestRunner"/>
  <system-out>
>>URL is set to: https://api.ratesapi.io/api/latest?symbols=JPY >>GET call submitted to: https://api.ratesapi.io/api/latest?symbols=JPY >>Response status code is: 200 >>Base exchange currency is: EUR >>Response: {"base":"EUR","rates":{"JPY":126.69},"date":"2020-12-18"} >>[Expected exchange currency: [JPY] | Actual exchange currency: [JPY]]  </system-out>
  <testcase name="runScenario" time="1.977" classname="runner.TestRunner"/>
  <system-out>
>>URL is set to: https://api.ratesapi.io/api/latest?base=CZK&symbols=DKK >>GET call submitted to: https://api.ratesapi.io/api/latest?base=CZK&symbols=DKK >>Response status code is: 200 >>Base exchange currency is: CZK >>Response: {"base":"CZK","rates":{"DKK":0.2846053789},"date":"2020-12-18"} >>[Expected exchange currency: [DKK] | Actual exchange currency: [DKK]]  </system-out>
  <testcase name="runScenario" time="2.100" classname="runner.TestRunner"/>
  <system-out>
>>URL is set to: https://api.ratesapi.io/api/2018-01-31?symbols=RON >>GET call submitted to: https://api.ratesapi.io/api/2018-01-31?symbols=RON >>Response status code is: 200 >>Base exchange currency is: EUR >>[Expected exchange rate date: 2018-01-31 | Actual exchange rate date: 2018-01-31] >>Response: {"base":"EUR","rates":{"RON":4.6545},"date":"2018-01-31"} >>[Expected exchange currency: [RON] | Actual exchange currency: [RON]]  </system-out>
  <testcase name="runScenario" time="1.209" classname="runner.TestRunner"/>
  <system-out>
>>URL is set to: https://api.ratesapi.io/api/2013-10-10?base=CZK >>GET call submitted to: https://api.ratesapi.io/api/2013-10-10?base=CZK >>Response status code is: 200 >>Base exchange currency is: CZK >>[Expected exchange rate date: 2013-10-10 | Actual exchange rate date: 2013-10-10]  </system-out>
</testsuite> <!-- runner.TestRunner -->
